-------------------------------------------------------------------------------
Test set: com.example.demo.KwpInterfaceApplicationTests
-------------------------------------------------------------------------------
Tests run: 1, Failures: 0, Errors: 1, Skipped: 0, Time elapsed: 0.242 s <<< FAILURE! - in com.example.demo.KwpInterfaceApplicationTests
com.example.demo.KwpInterfaceApplicationTests  Time elapsed: 0.24 s  <<< ERROR!
java.lang.IllegalStateException: Unable to find a @SpringBootConfiguration, you need to use @ContextConfiguration or @SpringBootTest(classes=...) with your test

