<?xml version="1.0" encoding="UTF-8"?>
<testsuite xmlns:xsi="http://www.w3.org/2001/XMLSchema-instance" xsi:noNamespaceSchemaLocation="https://maven.apache.org/surefire/maven-surefire-plugin/xsd/surefire-test-report.xsd" name="com.example.demo.KwpInterfaceApplicationTests" time="0.242" tests="1" errors="1" skipped="0" failures="0">
  <properties>
[...]
</properties>
  <testcase name="com.example.demo.KwpInterfaceApplicationTests" classname="com.example.demo.KwpInterfaceApplicationTests" time="0.24">
    <error message="Unable to find a @SpringBootConfiguration, you need to use @ContextConfiguration or @SpringBootTest(classes=...) with your test" type="java.lang.IllegalStateException">java.lang.IllegalStateException: Unable to find a @SpringBootConfiguration, you need to use @ContextConfiguration or @SpringBootTest(classes=...) with your test
</error>
    <system-out><![CDATA[11:25:30.917 [main] DEBUG org.springframework.test.context.BootstrapUtils - Instantiating CacheAwareContextLoaderDelegate from class [org.springframework.test.context.cache.DefaultCacheAwareContextLoaderDelegate]
11:25:30.929 [main] DEBUG org.springframework.test.context.BootstrapUtils - Instantiating BootstrapContext using constructor [public org.springframework.test.context.support.DefaultBootstrapContext(java.lang.Class,org.springframework.test.context.CacheAwareContextLoaderDelegate)]
11:25:30.973 [main] DEBUG org.springframework.test.context.BootstrapUtils - Instantiating TestContextBootstrapper for test class [com.example.demo.KwpInterfaceApplicationTests] from class [org.springframework.boot.test.context.SpringBootTestContextBootstrapper]
11:25:30.984 [main] INFO org.springframework.boot.test.context.SpringBootTestContextBootstrapper - Neither @ContextConfiguration nor @ContextHierarchy found for test class [com.example.demo.KwpInterfaceApplicationTests], using SpringBootContextLoader
11:25:30.988 [main] DEBUG org.springframework.test.context.support.AbstractContextLoader - Did not detect default resource location for test class [com.example.demo.KwpInterfaceApplicationTests]: class path resource [com/example/demo/KwpInterfaceApplicationTests-context.xml] does not exist
11:25:30.989 [main] DEBUG org.springframework.test.context.support.AbstractContextLoader - Did not detect default resource location for test class [com.example.demo.KwpInterfaceApplicationTests]: class path resource [com/example/demo/KwpInterfaceApplicationTestsContext.groovy] does not exist
11:25:30.989 [main] INFO org.springframework.test.context.support.AbstractContextLoader - Could not detect default resource locations for test class [com.example.demo.KwpInterfaceApplicationTests]: no resource found for suffixes {-context.xml, Context.groovy}.
11:25:30.990 [main] INFO org.springframework.test.context.support.AnnotationConfigContextLoaderUtils - Could not detect default configuration classes for test class [com.example.demo.KwpInterfaceApplicationTests]: KwpInterfaceApplicationTests does not declare any static, non-private, non-final, nested classes annotated with @Configuration.
11:25:31.038 [main] DEBUG org.springframework.test.context.support.ActiveProfilesUtils - Could not find an 'annotation declaring class' for annotation type [org.springframework.test.context.ActiveProfiles] and class [com.example.demo.KwpInterfaceApplicationTests]
]]></system-out>
  </testcase>
</testsuite>